<?xml version="1.0" encoding="UTF-8"?>
<!-- Generated by org.testng.reporters.JUnitReportReporter -->
<testsuite hostname="LAPTOP-NSGQ9VIE" name="com.inetbanking.testCases.TC_DeleteCustomerTest_005" tests="1" failures="0" timestamp="16 May 2021 16:02:40 GMT" time="10.472" errors="0">
  <testcase name="deleteCustomer" time="10.472" classname="com.inetbanking.testCases.TC_DeleteCustomerTest_005"/>
</testsuite> <!-- com.inetbanking.testCases.TC_DeleteCustomerTest_005 -->
