<?xml version="1.0" encoding="UTF-8"?>
<!-- Generated by org.testng.reporters.JUnitReportReporter -->
<testsuite hostname="LAPTOP-NSGQ9VIE" name="com.inetbanking.testCases.TC_AddCustomerTest_003" tests="1" failures="0" timestamp="16 May 2021 16:02:40 GMT" time="13.249" errors="0">
  <testcase name="addNewCustomer" time="13.249" classname="com.inetbanking.testCases.TC_AddCustomerTest_003"/>
</testsuite> <!-- com.inetbanking.testCases.TC_AddCustomerTest_003 -->
