<?xml version="1.0" encoding="UTF-8"?>
<!-- Generated by org.testng.reporters.JUnitReportReporter -->
<testsuite hostname="LAPTOP-NSGQ9VIE" name="com.inetbanking.testCases.TC_AddCustomerTest_003" tests="1" failures="0" timestamp="15 May 2021 11:33:00 GMT" time="15.385" errors="0">
  <testcase name="addNewCustomer" time="15.385" classname="com.inetbanking.testCases.TC_AddCustomerTest_003"/>
</testsuite> <!-- com.inetbanking.testCases.TC_AddCustomerTest_003 -->
