<?xml version="1.0" encoding="UTF-8"?>
<!-- Generated by org.testng.reporters.JUnitReportReporter -->
<testsuite hostname="LAPTOP-NSGQ9VIE" name="com.inetbanking.testCases.TC_EditInfoTest_004" tests="1" failures="0" timestamp="15 May 2021 07:27:11 GMT" time="12.228" errors="0">
  <testcase name="editCustomerInfo" time="12.228" classname="com.inetbanking.testCases.TC_EditInfoTest_004"/>
</testsuite> <!-- com.inetbanking.testCases.TC_EditInfoTest_004 -->
