<?xml version="1.0" encoding="UTF-8"?>
<!-- Generated by org.testng.reporters.JUnitReportReporter -->
<testsuite skipped="0" hostname="LAPTOP-NSGQ9VIE" name="com.inetbanking.testCases.TC_EditInfoTest_004" tests="1" failures="0" timestamp="2021-05-16T20:55:43 IST" time="12.092" errors="0">
  <testcase name="editCustomerInfo" time="12.092" classname="com.inetbanking.testCases.TC_EditInfoTest_004"/>
  <system-out/>
</testsuite> <!-- com.inetbanking.testCases.TC_EditInfoTest_004 -->
