<?xml version="1.0" encoding="UTF-8"?>
<!-- Generated by org.testng.reporters.JUnitReportReporter -->
<testsuite skipped="0" hostname="LAPTOP-NSGQ9VIE" name="com.inetbanking.testCases.TC_DeleteCustomerTest_005" tests="1" failures="0" timestamp="2021-05-23T12:10:28 IST" time="10.606" errors="0">
  <testcase name="deleteCustomer" time="10.606" classname="com.inetbanking.testCases.TC_DeleteCustomerTest_005"/>
  <system-out/>
</testsuite> <!-- com.inetbanking.testCases.TC_DeleteCustomerTest_005 -->
