<?xml version="1.0" encoding="UTF-8"?>
<!-- Generated by org.testng.reporters.JUnitReportReporter -->
<testsuite skipped="0" hostname="LAPTOP-NSGQ9VIE" name="com.inetbanking.testCases.TC_NewAccount_006" tests="1" failures="0" timestamp="2021-05-23T13:10:43 IST" time="7.626" errors="0">
  <testcase name="newAccount" time="7.626" classname="com.inetbanking.testCases.TC_NewAccount_006"/>
  <system-out/>
</testsuite> <!-- com.inetbanking.testCases.TC_NewAccount_006 -->
